1658598501814	geckodriver	INFO	Listening on 127.0.0.1:57994
1658598504860	mozrunner::runner	INFO	Running command: "C:\\Program Files\\Mozilla Firefox\\firefox.exe" "--marionette" "--remote-debugging-port" "57995" "--remote-allow-hosts" "localhost" "-no-remote" "-profile" "C:\\Users\\Dmytro\\AppData\\Local\\Temp\\rust_mozprofiletnK7xB"
1658598505181	Marionette	INFO	Marionette enabled
1658598505185	Marionette	INFO	Listening on port 58004
WebDriver BiDi listening on ws://localhost:57995
Read port: 58004
1658598505282	RemoteAgent	WARN	TLS certificate errors will be ignored for this session
console.warn: SearchSettings: "get: No settings file exists, new profile?" (new NotFoundError("Could not open the file at C:\\Users\\Dmytro\\AppData\\Local\\Temp\\rust_mozprofiletnK7xB\\search.json.mozlz4", (void 0)))
DevTools listening on ws://localhost:57995/devtools/browser/57fa3bb6-0970-45ac-ac6a-56c93b53ab35
JavaScript warning: https://stepik.azureedge.net/static/frontend-build/vendor.js?v=1658158331, line 6289: unreachable code after return statement
JavaScript warning: https://mc.yandex.ru/metrika/tag.js, line 18: WEBGL_debug_renderer_info is deprecated in Firefox and will be removed. Please use RENDERER.
JavaScript error: https://stepik.azureedge.net/static/frontend-build/vendor.js?v=1658158331, line 6105: Error: Expected: '<assignment:568645>' to be present in the adapter provided payload, but it was not found.
1658598518515	Marionette	INFO	Stopped listening on port 58004
console.warn: TopSitesFeed: Failed to fetch data from Contile server: NetworkError when attempting to fetch resource.
1658607681695	geckodriver	INFO	Listening on 127.0.0.1:59548
1658607684759	mozrunner::runner	INFO	Running command: "C:\\Program Files\\Mozilla Firefox\\firefox.exe" "--marionette" "--remote-debugging-port" "59549" "--remote-allow-hosts" "localhost" "-no-remote" "-profile" "C:\\Users\\Dmytro\\AppData\\Local\\Temp\\rust_mozprofile7BuX7V"
1658607685079	Marionette	INFO	Marionette enabled
1658607685083	Marionette	INFO	Listening on port 59559
WebDriver BiDi listening on ws://localhost:59549
Read port: 59559
1658607685184	RemoteAgent	WARN	TLS certificate errors will be ignored for this session
console.warn: SearchSettings: "get: No settings file exists, new profile?" (new NotFoundError("Could not open the file at C:\\Users\\Dmytro\\AppData\\Local\\Temp\\rust_mozprofile7BuX7V\\search.json.mozlz4", (void 0)))
DevTools listening on ws://localhost:59549/devtools/browser/55f02345-b4e6-4a90-b580-3eb8d656b82d
JavaScript error: http://selenium1py.pythonanywhere.com/en-gb/, line 758: ReferenceError: oscar is not defined
1658607689573	Marionette	INFO	Stopped listening on port 59559
